<?xml version="1.0" encoding="UTF-8"?>
<testsuite xmlns:xsi="http://www.w3.org/2001/XMLSchema-instance" xsi:noNamespaceSchemaLocation="https://maven.apache.org/surefire/maven-surefire-plugin/xsd/surefire-test-report.xsd" name="es.codeurjc.ais.IntermediateCaseTest" time="0.022" tests="10" errors="0" skipped="0" failures="0">
  <properties>
    <property name="java.specification.version" value="17"/>
    <property name="sun.jnu.encoding" value="UTF-8"/>
    <property name="java.class.path" value="/Users/diegopicazo/Library/CloudStorage/OneDrive-UniversidadReyJuanCarlos/3ºETSII/SegundoCuatrimestre/AmplicaciónIngenieriaSoftware/AIS-Practica-2-2023/target/test-classes:/Users/diegopicazo/Library/CloudStorage/OneDrive-UniversidadReyJuanCarlos/3ºETSII/SegundoCuatrimestre/AmplicaciónIngenieriaSoftware/AIS-Practica-2-2023/target/classes:/Users/diegopicazo/.m2/repository/org/springframework/boot/spring-boot-starter-web/3.0.2/spring-boot-starter-web-3.0.2.jar:/Users/diegopicazo/.m2/repository/org/springframework/boot/spring-boot-starter/3.0.2/spring-boot-starter-3.0.2.jar:/Users/diegopicazo/.m2/repository/org/springframework/boot/spring-boot-starter-logging/3.0.2/spring-boot-starter-logging-3.0.2.jar:/Users/diegopicazo/.m2/repository/ch/qos/logback/logback-classic/1.4.5/logback-classic-1.4.5.jar:/Users/diegopicazo/.m2/repository/ch/qos/logback/logback-core/1.4.5/logback-core-1.4.5.jar:/Users/diegopicazo/.m2/repository/org/apache/logging/log4j/log4j-to-slf4j/2.19.0/log4j-to-slf4j-2.19.0.jar:/Users/diegopicazo/.m2/repository/org/apache/logging/log4j/log4j-api/2.19.0/log4j-api-2.19.0.jar:/Users/diegopicazo/.m2/repository/org/slf4j/jul-to-slf4j/2.0.6/jul-to-slf4j-2.0.6.jar:/Users/diegopicazo/.m2/repository/jakarta/annotation/jakarta.annotation-api/2.1.1/jakarta.annotation-api-2.1.1.jar:/Users/diegopicazo/.m2/repository/org/yaml/snakeyaml/1.33/snakeyaml-1.33.jar:/Users/diegopicazo/.m2/repository/org/springframework/boot/spring-boot-starter-json/3.0.2/spring-boot-starter-json-3.0.2.jar:/Users/diegopicazo/.m2/repository/com/fasterxml/jackson/core/jackson-databind/2.14.1/jackson-databind-2.14.1.jar:/Users/diegopicazo/.m2/repository/com/fasterxml/jackson/core/jackson-annotations/2.14.1/jackson-annotations-2.14.1.jar:/Users/diegopicazo/.m2/repository/com/fasterxml/jackson/core/jackson-core/2.14.1/jackson-core-2.14.1.jar:/Users/diegopicazo/.m2/repository/com/fasterxml/jackson/datatype/jackson-datatype-jdk8/2.14.1/jackson-datatype-jdk8-2.14.1.jar:/Users/diegopicazo/.m2/repository/com/fasterxml/jackson/datatype/jackson-datatype-jsr310/2.14.1/jackson-datatype-jsr310-2.14.1.jar:/Users/diegopicazo/.m2/repository/com/fasterxml/jackson/module/jackson-module-parameter-names/2.14.1/jackson-module-parameter-names-2.14.1.jar:/Users/diegopicazo/.m2/repository/org/springframework/boot/spring-boot-starter-tomcat/3.0.2/spring-boot-starter-tomcat-3.0.2.jar:/Users/diegopicazo/.m2/repository/org/apache/tomcat/embed/tomcat-embed-core/10.1.5/tomcat-embed-core-10.1.5.jar:/Users/diegopicazo/.m2/repository/org/apache/tomcat/embed/tomcat-embed-el/10.1.5/tomcat-embed-el-10.1.5.jar:/Users/diegopicazo/.m2/repository/org/apache/tomcat/embed/tomcat-embed-websocket/10.1.5/tomcat-embed-websocket-10.1.5.jar:/Users/diegopicazo/.m2/repository/org/springframework/spring-web/6.0.4/spring-web-6.0.4.jar:/Users/diegopicazo/.m2/repository/org/springframework/spring-beans/6.0.4/spring-beans-6.0.4.jar:/Users/diegopicazo/.m2/repository/io/micrometer/micrometer-observation/1.10.3/micrometer-observation-1.10.3.jar:/Users/diegopicazo/.m2/repository/io/micrometer/micrometer-commons/1.10.3/micrometer-commons-1.10.3.jar:/Users/diegopicazo/.m2/repository/org/springframework/spring-webmvc/6.0.4/spring-webmvc-6.0.4.jar:/Users/diegopicazo/.m2/repository/org/springframework/spring-aop/6.0.4/spring-aop-6.0.4.jar:/Users/diegopicazo/.m2/repository/org/springframework/spring-context/6.0.4/spring-context-6.0.4.jar:/Users/diegopicazo/.m2/repository/org/springframework/spring-expression/6.0.4/spring-expression-6.0.4.jar:/Users/diegopicazo/.m2/repository/org/springframework/boot/spring-boot-starter-mustache/3.0.2/spring-boot-starter-mustache-3.0.2.jar:/Users/diegopicazo/.m2/repository/com/samskivert/jmustache/1.15/jmustache-1.15.jar:/Users/diegopicazo/.m2/repository/org/springframework/boot/spring-boot-devtools/3.0.2/spring-boot-devtools-3.0.2.jar:/Users/diegopicazo/.m2/repository/org/springframework/boot/spring-boot/3.0.2/spring-boot-3.0.2.jar:/Users/diegopicazo/.m2/repository/org/springframework/boot/spring-boot-autoconfigure/3.0.2/spring-boot-autoconfigure-3.0.2.jar:/Users/diegopicazo/.m2/repository/org/springframework/boot/spring-boot-starter-test/3.0.2/spring-boot-starter-test-3.0.2.jar:/Users/diegopicazo/.m2/repository/org/springframework/boot/spring-boot-test/3.0.2/spring-boot-test-3.0.2.jar:/Users/diegopicazo/.m2/repository/org/springframework/boot/spring-boot-test-autoconfigure/3.0.2/spring-boot-test-autoconfigure-3.0.2.jar:/Users/diegopicazo/.m2/repository/com/jayway/jsonpath/json-path/2.7.0/json-path-2.7.0.jar:/Users/diegopicazo/.m2/repository/net/minidev/json-smart/2.4.8/json-smart-2.4.8.jar:/Users/diegopicazo/.m2/repository/net/minidev/accessors-smart/2.4.8/accessors-smart-2.4.8.jar:/Users/diegopicazo/.m2/repository/org/ow2/asm/asm/9.1/asm-9.1.jar:/Users/diegopicazo/.m2/repository/jakarta/xml/bind/jakarta.xml.bind-api/4.0.0/jakarta.xml.bind-api-4.0.0.jar:/Users/diegopicazo/.m2/repository/jakarta/activation/jakarta.activation-api/2.1.1/jakarta.activation-api-2.1.1.jar:/Users/diegopicazo/.m2/repository/org/hamcrest/hamcrest/2.2/hamcrest-2.2.jar:/Users/diegopicazo/.m2/repository/org/mockito/mockito-junit-jupiter/4.8.1/mockito-junit-jupiter-4.8.1.jar:/Users/diegopicazo/.m2/repository/org/skyscreamer/jsonassert/1.5.1/jsonassert-1.5.1.jar:/Users/diegopicazo/.m2/repository/com/vaadin/external/google/android-json/0.0.20131108.vaadin1/android-json-0.0.20131108.vaadin1.jar:/Users/diegopicazo/.m2/repository/org/springframework/spring-core/6.0.4/spring-core-6.0.4.jar:/Users/diegopicazo/.m2/repository/org/springframework/spring-jcl/6.0.4/spring-jcl-6.0.4.jar:/Users/diegopicazo/.m2/repository/org/springframework/spring-test/6.0.4/spring-test-6.0.4.jar:/Users/diegopicazo/.m2/repository/org/xmlunit/xmlunit-core/2.9.1/xmlunit-core-2.9.1.jar:/Users/diegopicazo/.m2/repository/org/springframework/boot/spring-boot-starter-data-jpa/3.0.2/spring-boot-starter-data-jpa-3.0.2.jar:/Users/diegopicazo/.m2/repository/org/springframework/boot/spring-boot-starter-aop/3.0.2/spring-boot-starter-aop-3.0.2.jar:/Users/diegopicazo/.m2/repository/org/aspectj/aspectjweaver/1.9.19/aspectjweaver-1.9.19.jar:/Users/diegopicazo/.m2/repository/org/springframework/boot/spring-boot-starter-jdbc/3.0.2/spring-boot-starter-jdbc-3.0.2.jar:/Users/diegopicazo/.m2/repository/com/zaxxer/HikariCP/5.0.1/HikariCP-5.0.1.jar:/Users/diegopicazo/.m2/repository/org/springframework/spring-jdbc/6.0.4/spring-jdbc-6.0.4.jar:/Users/diegopicazo/.m2/repository/org/hibernate/orm/hibernate-core/6.1.6.Final/hibernate-core-6.1.6.Final.jar:/Users/diegopicazo/.m2/repository/jakarta/persistence/jakarta.persistence-api/3.1.0/jakarta.persistence-api-3.1.0.jar:/Users/diegopicazo/.m2/repository/jakarta/transaction/jakarta.transaction-api/2.0.1/jakarta.transaction-api-2.0.1.jar:/Users/diegopicazo/.m2/repository/org/jboss/logging/jboss-logging/3.5.0.Final/jboss-logging-3.5.0.Final.jar:/Users/diegopicazo/.m2/repository/org/hibernate/common/hibernate-commons-annotations/6.0.2.Final/hibernate-commons-annotations-6.0.2.Final.jar:/Users/diegopicazo/.m2/repository/org/jboss/jandex/2.4.2.Final/jandex-2.4.2.Final.jar:/Users/diegopicazo/.m2/repository/com/fasterxml/classmate/1.5.1/classmate-1.5.1.jar:/Users/diegopicazo/.m2/repository/org/glassfish/jaxb/jaxb-runtime/4.0.1/jaxb-runtime-4.0.1.jar:/Users/diegopicazo/.m2/repository/org/glassfish/jaxb/jaxb-core/4.0.1/jaxb-core-4.0.1.jar:/Users/diegopicazo/.m2/repository/org/eclipse/angus/angus-activation/1.0.0/angus-activation-1.0.0.jar:/Users/diegopicazo/.m2/repository/org/glassfish/jaxb/txw2/4.0.1/txw2-4.0.1.jar:/Users/diegopicazo/.m2/repository/com/sun/istack/istack-commons-runtime/4.1.1/istack-commons-runtime-4.1.1.jar:/Users/diegopicazo/.m2/repository/jakarta/inject/jakarta.inject-api/2.0.0/jakarta.inject-api-2.0.0.jar:/Users/diegopicazo/.m2/repository/org/antlr/antlr4-runtime/4.10.1/antlr4-runtime-4.10.1.jar:/Users/diegopicazo/.m2/repository/org/springframework/data/spring-data-jpa/3.0.1/spring-data-jpa-3.0.1.jar:/Users/diegopicazo/.m2/repository/org/springframework/data/spring-data-commons/3.0.1/spring-data-commons-3.0.1.jar:/Users/diegopicazo/.m2/repository/org/springframework/spring-orm/6.0.4/spring-orm-6.0.4.jar:/Users/diegopicazo/.m2/repository/org/springframework/spring-tx/6.0.4/spring-tx-6.0.4.jar:/Users/diegopicazo/.m2/repository/org/springframework/spring-aspects/6.0.4/spring-aspects-6.0.4.jar:/Users/diegopicazo/.m2/repository/com/h2database/h2/2.1.214/h2-2.1.214.jar:/Users/diegopicazo/.m2/repository/org/junit/jupiter/junit-jupiter/5.9.2/junit-jupiter-5.9.2.jar:/Users/diegopicazo/.m2/repository/org/junit/jupiter/junit-jupiter-api/5.9.2/junit-jupiter-api-5.9.2.jar:/Users/diegopicazo/.m2/repository/org/opentest4j/opentest4j/1.2.0/opentest4j-1.2.0.jar:/Users/diegopicazo/.m2/repository/org/junit/platform/junit-platform-commons/1.9.2/junit-platform-commons-1.9.2.jar:/Users/diegopicazo/.m2/repository/org/apiguardian/apiguardian-api/1.1.2/apiguardian-api-1.1.2.jar:/Users/diegopicazo/.m2/repository/org/junit/jupiter/junit-jupiter-params/5.9.2/junit-jupiter-params-5.9.2.jar:/Users/diegopicazo/.m2/repository/org/junit/jupiter/junit-jupiter-engine/5.9.2/junit-jupiter-engine-5.9.2.jar:/Users/diegopicazo/.m2/repository/org/junit/platform/junit-platform-engine/1.9.2/junit-platform-engine-1.9.2.jar:/Users/diegopicazo/.m2/repository/org/mockito/mockito-core/3.3.3/mockito-core-3.3.3.jar:/Users/diegopicazo/.m2/repository/net/bytebuddy/byte-buddy/1.12.22/byte-buddy-1.12.22.jar:/Users/diegopicazo/.m2/repository/net/bytebuddy/byte-buddy-agent/1.12.22/byte-buddy-agent-1.12.22.jar:/Users/diegopicazo/.m2/repository/org/objenesis/objenesis/2.6/objenesis-2.6.jar:/Users/diegopicazo/.m2/repository/io/github/bonigarcia/webdrivermanager/5.1.0/webdrivermanager-5.1.0.jar:/Users/diegopicazo/.m2/repository/org/slf4j/slf4j-api/2.0.6/slf4j-api-2.0.6.jar:/Users/diegopicazo/.m2/repository/com/google/code/gson/gson/2.9.1/gson-2.9.1.jar:/Users/diegopicazo/.m2/repository/com/github/docker-java/docker-java/3.2.13/docker-java-3.2.13.jar:/Users/diegopicazo/.m2/repository/com/github/docker-java/docker-java-core/3.2.13/docker-java-core-3.2.13.jar:/Users/diegopicazo/.m2/repository/com/github/docker-java/docker-java-api/3.2.13/docker-java-api-3.2.13.jar:/Users/diegopicazo/.m2/repository/org/apache/commons/commons-compress/1.21/commons-compress-1.21.jar:/Users/diegopicazo/.m2/repository/org/bouncycastle/bcpkix-jdk15on/1.64/bcpkix-jdk15on-1.64.jar:/Users/diegopicazo/.m2/repository/org/bouncycastle/bcprov-jdk15on/1.64/bcprov-jdk15on-1.64.jar:/Users/diegopicazo/.m2/repository/org/slf4j/jcl-over-slf4j/2.0.6/jcl-over-slf4j-2.0.6.jar:/Users/diegopicazo/.m2/repository/com/github/docker-java/docker-java-transport-httpclient5/3.2.13/docker-java-transport-httpclient5-3.2.13.jar:/Users/diegopicazo/.m2/repository/com/github/docker-java/docker-java-transport/3.2.13/docker-java-transport-3.2.13.jar:/Users/diegopicazo/.m2/repository/org/apache/httpcomponents/client5/httpclient5/5.1.4/httpclient5-5.1.4.jar:/Users/diegopicazo/.m2/repository/org/apache/httpcomponents/core5/httpcore5/5.1.5/httpcore5-5.1.5.jar:/Users/diegopicazo/.m2/repository/net/java/dev/jna/jna/5.8.0/jna-5.8.0.jar:/Users/diegopicazo/.m2/repository/org/brotli/dec/0.1.2/dec-0.1.2.jar:/Users/diegopicazo/.m2/repository/org/apache/commons/commons-lang3/3.12.0/commons-lang3-3.12.0.jar:/Users/diegopicazo/.m2/repository/org/seleniumhq/selenium/selenium-java/4.8.0/selenium-java-4.8.0.jar:/Users/diegopicazo/.m2/repository/org/seleniumhq/selenium/selenium-api/4.5.3/selenium-api-4.5.3.jar:/Users/diegopicazo/.m2/repository/org/seleniumhq/selenium/selenium-chrome-driver/4.5.3/selenium-chrome-driver-4.5.3.jar:/Users/diegopicazo/.m2/repository/com/google/auto/service/auto-service-annotations/1.0.1/auto-service-annotations-1.0.1.jar:/Users/diegopicazo/.m2/repository/com/google/auto/service/auto-service/1.0.1/auto-service-1.0.1.jar:/Users/diegopicazo/.m2/repository/com/google/auto/auto-common/1.2/auto-common-1.2.jar:/Users/diegopicazo/.m2/repository/com/google/guava/guava/31.1-jre/guava-31.1-jre.jar:/Users/diegopicazo/.m2/repository/com/google/guava/failureaccess/1.0.1/failureaccess-1.0.1.jar:/Users/diegopicazo/.m2/repository/com/google/guava/listenablefuture/9999.0-empty-to-avoid-conflict-with-guava/listenablefuture-9999.0-empty-to-avoid-conflict-with-guava.jar:/Users/diegopicazo/.m2/repository/com/google/code/findbugs/jsr305/3.0.2/jsr305-3.0.2.jar:/Users/diegopicazo/.m2/repository/org/checkerframework/checker-qual/3.12.0/checker-qual-3.12.0.jar:/Users/diegopicazo/.m2/repository/com/google/errorprone/error_prone_annotations/2.11.0/error_prone_annotations-2.11.0.jar:/Users/diegopicazo/.m2/repository/com/google/j2objc/j2objc-annotations/1.3/j2objc-annotations-1.3.jar:/Users/diegopicazo/.m2/repository/org/seleniumhq/selenium/selenium-chromium-driver/4.5.3/selenium-chromium-driver-4.5.3.jar:/Users/diegopicazo/.m2/repository/org/seleniumhq/selenium/selenium-json/4.5.3/selenium-json-4.5.3.jar:/Users/diegopicazo/.m2/repository/org/seleniumhq/selenium/selenium-devtools-v107/4.8.0/selenium-devtools-v107-4.8.0.jar:/Users/diegopicazo/.m2/repository/org/seleniumhq/selenium/selenium-devtools-v108/4.8.0/selenium-devtools-v108-4.8.0.jar:/Users/diegopicazo/.m2/repository/org/seleniumhq/selenium/selenium-devtools-v109/4.8.0/selenium-devtools-v109-4.8.0.jar:/Users/diegopicazo/.m2/repository/org/seleniumhq/selenium/selenium-devtools-v85/4.5.3/selenium-devtools-v85-4.5.3.jar:/Users/diegopicazo/.m2/repository/org/seleniumhq/selenium/selenium-edge-driver/4.5.3/selenium-edge-driver-4.5.3.jar:/Users/diegopicazo/.m2/repository/org/seleniumhq/selenium/selenium-firefox-driver/4.5.3/selenium-firefox-driver-4.5.3.jar:/Users/diegopicazo/.m2/repository/org/seleniumhq/selenium/selenium-ie-driver/4.5.3/selenium-ie-driver-4.5.3.jar:/Users/diegopicazo/.m2/repository/org/seleniumhq/selenium/selenium-remote-driver/4.5.3/selenium-remote-driver-4.5.3.jar:/Users/diegopicazo/.m2/repository/com/beust/jcommander/1.82/jcommander-1.82.jar:/Users/diegopicazo/.m2/repository/io/netty/netty-buffer/4.1.87.Final/netty-buffer-4.1.87.Final.jar:/Users/diegopicazo/.m2/repository/io/netty/netty-codec-http/4.1.87.Final/netty-codec-http-4.1.87.Final.jar:/Users/diegopicazo/.m2/repository/io/netty/netty-codec/4.1.87.Final/netty-codec-4.1.87.Final.jar:/Users/diegopicazo/.m2/repository/io/netty/netty-handler/4.1.87.Final/netty-handler-4.1.87.Final.jar:/Users/diegopicazo/.m2/repository/io/netty/netty-common/4.1.87.Final/netty-common-4.1.87.Final.jar:/Users/diegopicazo/.m2/repository/io/netty/netty-transport-classes-epoll/4.1.87.Final/netty-transport-classes-epoll-4.1.87.Final.jar:/Users/diegopicazo/.m2/repository/io/netty/netty-transport-classes-kqueue/4.1.87.Final/netty-transport-classes-kqueue-4.1.87.Final.jar:/Users/diegopicazo/.m2/repository/io/netty/netty-transport-native-epoll/4.1.87.Final/netty-transport-native-epoll-4.1.87.Final.jar:/Users/diegopicazo/.m2/repository/io/netty/netty-transport-native-kqueue/4.1.87.Final/netty-transport-native-kqueue-4.1.87.Final.jar:/Users/diegopicazo/.m2/repository/io/netty/netty-transport-native-unix-common/4.1.87.Final/netty-transport-native-unix-common-4.1.87.Final.jar:/Users/diegopicazo/.m2/repository/io/netty/netty-transport/4.1.87.Final/netty-transport-4.1.87.Final.jar:/Users/diegopicazo/.m2/repository/io/netty/netty-resolver/4.1.87.Final/netty-resolver-4.1.87.Final.jar:/Users/diegopicazo/.m2/repository/io/opentelemetry/opentelemetry-api/1.19.0/opentelemetry-api-1.19.0.jar:/Users/diegopicazo/.m2/repository/io/opentelemetry/opentelemetry-context/1.19.0/opentelemetry-context-1.19.0.jar:/Users/diegopicazo/.m2/repository/io/opentelemetry/opentelemetry-exporter-logging/1.19.0/opentelemetry-exporter-logging-1.19.0.jar:/Users/diegopicazo/.m2/repository/io/opentelemetry/opentelemetry-sdk-metrics/1.19.0/opentelemetry-sdk-metrics-1.19.0.jar:/Users/diegopicazo/.m2/repository/io/opentelemetry/opentelemetry-sdk-logs/1.19.0-alpha/opentelemetry-sdk-logs-1.19.0-alpha.jar:/Users/diegopicazo/.m2/repository/io/opentelemetry/opentelemetry-api-logs/1.19.0-alpha/opentelemetry-api-logs-1.19.0-alpha.jar:/Users/diegopicazo/.m2/repository/io/opentelemetry/opentelemetry-sdk-common/1.19.0/opentelemetry-sdk-common-1.19.0.jar:/Users/diegopicazo/.m2/repository/io/opentelemetry/opentelemetry-sdk-extension-autoconfigure-spi/1.19.0/opentelemetry-sdk-extension-autoconfigure-spi-1.19.0.jar:/Users/diegopicazo/.m2/repository/io/opentelemetry/opentelemetry-sdk-extension-autoconfigure/1.19.0-alpha/opentelemetry-sdk-extension-autoconfigure-1.19.0-alpha.jar:/Users/diegopicazo/.m2/repository/io/opentelemetry/opentelemetry-exporter-common/1.19.0/opentelemetry-exporter-common-1.19.0.jar:/Users/diegopicazo/.m2/repository/io/opentelemetry/opentelemetry-sdk-trace/1.19.0/opentelemetry-sdk-trace-1.19.0.jar:/Users/diegopicazo/.m2/repository/io/opentelemetry/opentelemetry-sdk/1.19.0/opentelemetry-sdk-1.19.0.jar:/Users/diegopicazo/.m2/repository/io/opentelemetry/opentelemetry-semconv/1.19.0-alpha/opentelemetry-semconv-1.19.0-alpha.jar:/Users/diegopicazo/.m2/repository/io/ous/jtoml/2.0.0/jtoml-2.0.0.jar:/Users/diegopicazo/.m2/repository/org/apache/commons/commons-exec/1.3/commons-exec-1.3.jar:/Users/diegopicazo/.m2/repository/org/asynchttpclient/async-http-client/2.12.3/async-http-client-2.12.3.jar:/Users/diegopicazo/.m2/repository/org/asynchttpclient/async-http-client-netty-utils/2.12.3/async-http-client-netty-utils-2.12.3.jar:/Users/diegopicazo/.m2/repository/io/netty/netty-codec-socks/4.1.87.Final/netty-codec-socks-4.1.87.Final.jar:/Users/diegopicazo/.m2/repository/io/netty/netty-handler-proxy/4.1.87.Final/netty-handler-proxy-4.1.87.Final.jar:/Users/diegopicazo/.m2/repository/io/netty/netty-transport-native-epoll/4.1.87.Final/netty-transport-native-epoll-4.1.87.Final-linux-x86_64.jar:/Users/diegopicazo/.m2/repository/io/netty/netty-transport-native-kqueue/4.1.87.Final/netty-transport-native-kqueue-4.1.87.Final-osx-x86_64.jar:/Users/diegopicazo/.m2/repository/org/reactivestreams/reactive-streams/1.0.4/reactive-streams-1.0.4.jar:/Users/diegopicazo/.m2/repository/com/typesafe/netty/netty-reactive-streams/2.0.4/netty-reactive-streams-2.0.4.jar:/Users/diegopicazo/.m2/repository/com/sun/activation/jakarta.activation/1.2.2/jakarta.activation-1.2.2.jar:/Users/diegopicazo/.m2/repository/org/seleniumhq/selenium/selenium-http/4.5.3/selenium-http-4.5.3.jar:/Users/diegopicazo/.m2/repository/dev/failsafe/failsafe/3.3.0/failsafe-3.3.0.jar:/Users/diegopicazo/.m2/repository/org/seleniumhq/selenium/selenium-safari-driver/4.5.3/selenium-safari-driver-4.5.3.jar:/Users/diegopicazo/.m2/repository/org/seleniumhq/selenium/selenium-support/4.5.3/selenium-support-4.5.3.jar:/Users/diegopicazo/.m2/repository/org/assertj/assertj-core/3.8.0/assertj-core-3.8.0.jar:/Users/diegopicazo/.m2/repository/io/rest-assured/rest-assured/5.3.0/rest-assured-5.3.0.jar:/Users/diegopicazo/.m2/repository/org/apache/groovy/groovy/4.0.7/groovy-4.0.7.jar:/Users/diegopicazo/.m2/repository/org/apache/groovy/groovy-xml/4.0.7/groovy-xml-4.0.7.jar:/Users/diegopicazo/.m2/repository/org/apache/httpcomponents/httpclient/4.5.14/httpclient-4.5.14.jar:/Users/diegopicazo/.m2/repository/org/apache/httpcomponents/httpcore/4.4.16/httpcore-4.4.16.jar:/Users/diegopicazo/.m2/repository/commons-codec/commons-codec/1.15/commons-codec-1.15.jar:/Users/diegopicazo/.m2/repository/org/apache/httpcomponents/httpmime/4.5.14/httpmime-4.5.14.jar:/Users/diegopicazo/.m2/repository/org/ccil/cowan/tagsoup/tagsoup/1.2.1/tagsoup-1.2.1.jar:/Users/diegopicazo/.m2/repository/io/rest-assured/json-path/5.2.1/json-path-5.2.1.jar:/Users/diegopicazo/.m2/repository/org/apache/groovy/groovy-json/4.0.7/groovy-json-4.0.7.jar:/Users/diegopicazo/.m2/repository/io/rest-assured/rest-assured-common/5.2.1/rest-assured-common-5.2.1.jar:/Users/diegopicazo/.m2/repository/io/rest-assured/xml-path/5.2.1/xml-path-5.2.1.jar:/Users/diegopicazo/.m2/repository/org/hamcrest/hamcrest-all/1.3/hamcrest-all-1.3.jar:/Users/diegopicazo/.m2/repository/org/apache/maven/plugins/maven-checkstyle-plugin/3.2.1/maven-checkstyle-plugin-3.2.1.jar:/Users/diegopicazo/.m2/repository/org/apache/maven/reporting/maven-reporting-api/3.1.1/maven-reporting-api-3.1.1.jar:/Users/diegopicazo/.m2/repository/org/apache/maven/reporting/maven-reporting-impl/3.2.0/maven-reporting-impl-3.2.0.jar:/Users/diegopicazo/.m2/repository/org/apache/maven/maven-core/3.1.0/maven-core-3.1.0.jar:/Users/diegopicazo/.m2/repository/org/apache/maven/maven-settings/3.1.0/maven-settings-3.1.0.jar:/Users/diegopicazo/.m2/repository/org/apache/maven/maven-settings-builder/3.1.0/maven-settings-builder-3.1.0.jar:/Users/diegopicazo/.m2/repository/org/apache/maven/maven-repository-metadata/3.1.0/maven-repository-metadata-3.1.0.jar:/Users/diegopicazo/.m2/repository/org/apache/maven/maven-model-builder/3.1.0/maven-model-builder-3.1.0.jar:/Users/diegopicazo/.m2/repository/org/apache/maven/maven-aether-provider/3.1.0/maven-aether-provider-3.1.0.jar:/Users/diegopicazo/.m2/repository/org/eclipse/aether/aether-spi/0.9.0.M2/aether-spi-0.9.0.M2.jar:/Users/diegopicazo/.m2/repository/org/eclipse/aether/aether-impl/0.9.0.M2/aether-impl-0.9.0.M2.jar:/Users/diegopicazo/.m2/repository/org/eclipse/aether/aether-api/0.9.0.M2/aether-api-0.9.0.M2.jar:/Users/diegopicazo/.m2/repository/org/eclipse/aether/aether-util/0.9.0.M2/aether-util-0.9.0.M2.jar:/Users/diegopicazo/.m2/repository/org/eclipse/sisu/org.eclipse.sisu.plexus/0.0.0.M2a/org.eclipse.sisu.plexus-0.0.0.M2a.jar:/Users/diegopicazo/.m2/repository/javax/enterprise/cdi-api/1.0/cdi-api-1.0.jar:/Users/diegopicazo/.m2/repository/javax/annotation/jsr250-api/1.0/jsr250-api-1.0.jar:/Users/diegopicazo/.m2/repository/javax/inject/javax.inject/1/javax.inject-1.jar:/Users/diegopicazo/.m2/repository/org/sonatype/sisu/sisu-guice/3.1.0/sisu-guice-3.1.0-no_aop.jar:/Users/diegopicazo/.m2/repository/aopalliance/aopalliance/1.0/aopalliance-1.0.jar:/Users/diegopicazo/.m2/repository/org/eclipse/sisu/org.eclipse.sisu.inject/0.0.0.M2a/org.eclipse.sisu.inject-0.0.0.M2a.jar:/Users/diegopicazo/.m2/repository/asm/asm/3.3.1/asm-3.3.1.jar:/Users/diegopicazo/.m2/repository/org/codehaus/plexus/plexus-classworlds/2.4.2/plexus-classworlds-2.4.2.jar:/Users/diegopicazo/.m2/repository/org/sonatype/plexus/plexus-sec-dispatcher/1.3/plexus-sec-dispatcher-1.3.jar:/Users/diegopicazo/.m2/repository/org/sonatype/plexus/plexus-cipher/1.4/plexus-cipher-1.4.jar:/Users/diegopicazo/.m2/repository/org/apache/maven/maven-artifact/3.1.0/maven-artifact-3.1.0.jar:/Users/diegopicazo/.m2/repository/org/apache/maven/maven-plugin-api/3.1.0/maven-plugin-api-3.1.0.jar:/Users/diegopicazo/.m2/repository/org/apache/maven/shared/maven-shared-utils/3.3.4/maven-shared-utils-3.3.4.jar:/Users/diegopicazo/.m2/repository/org/apache/maven/doxia/doxia-decoration-model/1.11.1/doxia-decoration-model-1.11.1.jar:/Users/diegopicazo/.m2/repository/org/apache/maven/doxia/doxia-site-renderer/1.11.1/doxia-site-renderer-1.11.1.jar:/Users/diegopicazo/.m2/repository/org/apache/maven/doxia/doxia-skin-model/1.11.1/doxia-skin-model-1.11.1.jar:/Users/diegopicazo/.m2/repository/org/apache/maven/doxia/doxia-module-xhtml/1.11.1/doxia-module-xhtml-1.11.1.jar:/Users/diegopicazo/.m2/repository/org/apache/maven/doxia/doxia-module-xhtml5/1.11.1/doxia-module-xhtml5-1.11.1.jar:/Users/diegopicazo/.m2/repository/org/apache/velocity/velocity-tools/2.0/velocity-tools-2.0.jar:/Users/diegopicazo/.m2/repository/commons-digester/commons-digester/1.8/commons-digester-1.8.jar:/Users/diegopicazo/.m2/repository/commons-chain/commons-chain/1.1/commons-chain-1.1.jar:/Users/diegopicazo/.m2/repository/dom4j/dom4j/1.1/dom4j-1.1.jar:/Users/diegopicazo/.m2/repository/oro/oro/2.0.8/oro-2.0.8.jar:/Users/diegopicazo/.m2/repository/org/apache/maven/doxia/doxia-sink-api/1.11.1/doxia-sink-api-1.11.1.jar:/Users/diegopicazo/.m2/repository/org/apache/maven/doxia/doxia-logging-api/1.11.1/doxia-logging-api-1.11.1.jar:/Users/diegopicazo/.m2/repository/org/apache/maven/doxia/doxia-core/1.11.1/doxia-core-1.11.1.jar:/Users/diegopicazo/.m2/repository/org/codehaus/plexus/plexus-container-default/2.1.0/plexus-container-default-2.1.0.jar:/Users/diegopicazo/.m2/repository/org/apache/xbean/xbean-reflect/3.7/xbean-reflect-3.7.jar:/Users/diegopicazo/.m2/repository/com/google/collections/google-collections/1.0/google-collections-1.0.jar:/Users/diegopicazo/.m2/repository/org/apache/commons/commons-text/1.3/commons-text-1.3.jar:/Users/diegopicazo/.m2/repository/org/apache/maven/doxia/doxia-integration-tools/1.11.1/doxia-integration-tools-1.11.1.jar:/Users/diegopicazo/.m2/repository/commons-io/commons-io/2.6/commons-io-2.6.jar:/Users/diegopicazo/.m2/repository/org/apache/maven/maven-model/2.2.1/maven-model-2.2.1.jar:/Users/diegopicazo/.m2/repository/org/codehaus/plexus/plexus-i18n/1.0-beta-10/plexus-i18n-1.0-beta-10.jar:/Users/diegopicazo/.m2/repository/org/codehaus/plexus/plexus-interpolation/1.26/plexus-interpolation-1.26.jar:/Users/diegopicazo/.m2/repository/org/codehaus/plexus/plexus-component-annotations/2.1.1/plexus-component-annotations-2.1.1.jar:/Users/diegopicazo/.m2/repository/org/codehaus/plexus/plexus-resources/1.1.0/plexus-resources-1.1.0.jar:/Users/diegopicazo/.m2/repository/org/codehaus/plexus/plexus-utils/3.4.2/plexus-utils-3.4.2.jar:/Users/diegopicazo/.m2/repository/org/codehaus/plexus/plexus-velocity/1.2/plexus-velocity-1.2.jar:/Users/diegopicazo/.m2/repository/commons-collections/commons-collections/3.1/commons-collections-3.1.jar:/Users/diegopicazo/.m2/repository/com/puppycrawl/tools/checkstyle/9.3/checkstyle-9.3.jar:/Users/diegopicazo/.m2/repository/info/picocli/picocli/4.6.2/picocli-4.6.2.jar:/Users/diegopicazo/.m2/repository/commons-beanutils/commons-beanutils/1.9.4/commons-beanutils-1.9.4.jar:/Users/diegopicazo/.m2/repository/commons-logging/commons-logging/1.2/commons-logging-1.2.jar:/Users/diegopicazo/.m2/repository/org/reflections/reflections/0.10.2/reflections-0.10.2.jar:/Users/diegopicazo/.m2/repository/org/javassist/javassist/3.28.0-GA/javassist-3.28.0-GA.jar:/Users/diegopicazo/.m2/repository/net/sf/saxon/Saxon-HE/10.6/Saxon-HE-10.6.jar:/Users/diegopicazo/.m2/repository/org/apache/velocity/velocity/1.7/velocity-1.7.jar:/Users/diegopicazo/.m2/repository/commons-lang/commons-lang/2.4/commons-lang-2.4.jar:/Users/diegopicazo/.m2/repository/javax/xml/bind/jaxb-api/2.3.1/jaxb-api-2.3.1.jar:/Users/diegopicazo/.m2/repository/javax/activation/javax.activation-api/1.2.0/javax.activation-api-1.2.0.jar:/Users/diegopicazo/.m2/repository/org/jetbrains/annotations/24.0.1/annotations-24.0.1.jar:"/>
    <property name="java.vm.vendor" value="Oracle Corporation"/>
    <property name="sun.arch.data.model" value="64"/>
    <property name="java.vendor.url" value="https://java.oracle.com/"/>
    <property name="os.name" value="Mac OS X"/>
    <property name="java.vm.specification.version" value="17"/>
    <property name="sun.java.launcher" value="SUN_STANDARD"/>
    <property name="user.country" value="ES"/>
    <property name="sun.boot.library.path" value="/Library/Java/JavaVirtualMachines/jdk-17.jdk/Contents/Home/lib"/>
    <property name="sun.java.command" value="/Users/diegopicazo/Library/CloudStorage/OneDrive-UniversidadReyJuanCarlos/3ºETSII/SegundoCuatrimestre/AmplicaciónIngenieriaSoftware/AIS-Practica-2-2023/target/surefire/surefirebooter15669814934882178187.jar /Users/diegopicazo/Library/CloudStorage/OneDrive-UniversidadReyJuanCarlos/3ºETSII/SegundoCuatrimestre/AmplicaciónIngenieriaSoftware/AIS-Practica-2-2023/target/surefire 2023-03-22T22-56-34_653-jvmRun1 surefire8372273418176618572tmp surefire_014665707413061118087tmp"/>
    <property name="jdk.debug" value="release"/>
    <property name="surefire.test.class.path" value="/Users/diegopicazo/Library/CloudStorage/OneDrive-UniversidadReyJuanCarlos/3ºETSII/SegundoCuatrimestre/AmplicaciónIngenieriaSoftware/AIS-Practica-2-2023/target/test-classes:/Users/diegopicazo/Library/CloudStorage/OneDrive-UniversidadReyJuanCarlos/3ºETSII/SegundoCuatrimestre/AmplicaciónIngenieriaSoftware/AIS-Practica-2-2023/target/classes:/Users/diegopicazo/.m2/repository/org/springframework/boot/spring-boot-starter-web/3.0.2/spring-boot-starter-web-3.0.2.jar:/Users/diegopicazo/.m2/repository/org/springframework/boot/spring-boot-starter/3.0.2/spring-boot-starter-3.0.2.jar:/Users/diegopicazo/.m2/repository/org/springframework/boot/spring-boot-starter-logging/3.0.2/spring-boot-starter-logging-3.0.2.jar:/Users/diegopicazo/.m2/repository/ch/qos/logback/logback-classic/1.4.5/logback-classic-1.4.5.jar:/Users/diegopicazo/.m2/repository/ch/qos/logback/logback-core/1.4.5/logback-core-1.4.5.jar:/Users/diegopicazo/.m2/repository/org/apache/logging/log4j/log4j-to-slf4j/2.19.0/log4j-to-slf4j-2.19.0.jar:/Users/diegopicazo/.m2/repository/org/apache/logging/log4j/log4j-api/2.19.0/log4j-api-2.19.0.jar:/Users/diegopicazo/.m2/repository/org/slf4j/jul-to-slf4j/2.0.6/jul-to-slf4j-2.0.6.jar:/Users/diegopicazo/.m2/repository/jakarta/annotation/jakarta.annotation-api/2.1.1/jakarta.annotation-api-2.1.1.jar:/Users/diegopicazo/.m2/repository/org/yaml/snakeyaml/1.33/snakeyaml-1.33.jar:/Users/diegopicazo/.m2/repository/org/springframework/boot/spring-boot-starter-json/3.0.2/spring-boot-starter-json-3.0.2.jar:/Users/diegopicazo/.m2/repository/com/fasterxml/jackson/core/jackson-databind/2.14.1/jackson-databind-2.14.1.jar:/Users/diegopicazo/.m2/repository/com/fasterxml/jackson/core/jackson-annotations/2.14.1/jackson-annotations-2.14.1.jar:/Users/diegopicazo/.m2/repository/com/fasterxml/jackson/core/jackson-core/2.14.1/jackson-core-2.14.1.jar:/Users/diegopicazo/.m2/repository/com/fasterxml/jackson/datatype/jackson-datatype-jdk8/2.14.1/jackson-datatype-jdk8-2.14.1.jar:/Users/diegopicazo/.m2/repository/com/fasterxml/jackson/datatype/jackson-datatype-jsr310/2.14.1/jackson-datatype-jsr310-2.14.1.jar:/Users/diegopicazo/.m2/repository/com/fasterxml/jackson/module/jackson-module-parameter-names/2.14.1/jackson-module-parameter-names-2.14.1.jar:/Users/diegopicazo/.m2/repository/org/springframework/boot/spring-boot-starter-tomcat/3.0.2/spring-boot-starter-tomcat-3.0.2.jar:/Users/diegopicazo/.m2/repository/org/apache/tomcat/embed/tomcat-embed-core/10.1.5/tomcat-embed-core-10.1.5.jar:/Users/diegopicazo/.m2/repository/org/apache/tomcat/embed/tomcat-embed-el/10.1.5/tomcat-embed-el-10.1.5.jar:/Users/diegopicazo/.m2/repository/org/apache/tomcat/embed/tomcat-embed-websocket/10.1.5/tomcat-embed-websocket-10.1.5.jar:/Users/diegopicazo/.m2/repository/org/springframework/spring-web/6.0.4/spring-web-6.0.4.jar:/Users/diegopicazo/.m2/repository/org/springframework/spring-beans/6.0.4/spring-beans-6.0.4.jar:/Users/diegopicazo/.m2/repository/io/micrometer/micrometer-observation/1.10.3/micrometer-observation-1.10.3.jar:/Users/diegopicazo/.m2/repository/io/micrometer/micrometer-commons/1.10.3/micrometer-commons-1.10.3.jar:/Users/diegopicazo/.m2/repository/org/springframework/spring-webmvc/6.0.4/spring-webmvc-6.0.4.jar:/Users/diegopicazo/.m2/repository/org/springframework/spring-aop/6.0.4/spring-aop-6.0.4.jar:/Users/diegopicazo/.m2/repository/org/springframework/spring-context/6.0.4/spring-context-6.0.4.jar:/Users/diegopicazo/.m2/repository/org/springframework/spring-expression/6.0.4/spring-expression-6.0.4.jar:/Users/diegopicazo/.m2/repository/org/springframework/boot/spring-boot-starter-mustache/3.0.2/spring-boot-starter-mustache-3.0.2.jar:/Users/diegopicazo/.m2/repository/com/samskivert/jmustache/1.15/jmustache-1.15.jar:/Users/diegopicazo/.m2/repository/org/springframework/boot/spring-boot-devtools/3.0.2/spring-boot-devtools-3.0.2.jar:/Users/diegopicazo/.m2/repository/org/springframework/boot/spring-boot/3.0.2/spring-boot-3.0.2.jar:/Users/diegopicazo/.m2/repository/org/springframework/boot/spring-boot-autoconfigure/3.0.2/spring-boot-autoconfigure-3.0.2.jar:/Users/diegopicazo/.m2/repository/org/springframework/boot/spring-boot-starter-test/3.0.2/spring-boot-starter-test-3.0.2.jar:/Users/diegopicazo/.m2/repository/org/springframework/boot/spring-boot-test/3.0.2/spring-boot-test-3.0.2.jar:/Users/diegopicazo/.m2/repository/org/springframework/boot/spring-boot-test-autoconfigure/3.0.2/spring-boot-test-autoconfigure-3.0.2.jar:/Users/diegopicazo/.m2/repository/com/jayway/jsonpath/json-path/2.7.0/json-path-2.7.0.jar:/Users/diegopicazo/.m2/repository/net/minidev/json-smart/2.4.8/json-smart-2.4.8.jar:/Users/diegopicazo/.m2/repository/net/minidev/accessors-smart/2.4.8/accessors-smart-2.4.8.jar:/Users/diegopicazo/.m2/repository/org/ow2/asm/asm/9.1/asm-9.1.jar:/Users/diegopicazo/.m2/repository/jakarta/xml/bind/jakarta.xml.bind-api/4.0.0/jakarta.xml.bind-api-4.0.0.jar:/Users/diegopicazo/.m2/repository/jakarta/activation/jakarta.activation-api/2.1.1/jakarta.activation-api-2.1.1.jar:/Users/diegopicazo/.m2/repository/org/hamcrest/hamcrest/2.2/hamcrest-2.2.jar:/Users/diegopicazo/.m2/repository/org/mockito/mockito-junit-jupiter/4.8.1/mockito-junit-jupiter-4.8.1.jar:/Users/diegopicazo/.m2/repository/org/skyscreamer/jsonassert/1.5.1/jsonassert-1.5.1.jar:/Users/diegopicazo/.m2/repository/com/vaadin/external/google/android-json/0.0.20131108.vaadin1/android-json-0.0.20131108.vaadin1.jar:/Users/diegopicazo/.m2/repository/org/springframework/spring-core/6.0.4/spring-core-6.0.4.jar:/Users/diegopicazo/.m2/repository/org/springframework/spring-jcl/6.0.4/spring-jcl-6.0.4.jar:/Users/diegopicazo/.m2/repository/org/springframework/spring-test/6.0.4/spring-test-6.0.4.jar:/Users/diegopicazo/.m2/repository/org/xmlunit/xmlunit-core/2.9.1/xmlunit-core-2.9.1.jar:/Users/diegopicazo/.m2/repository/org/springframework/boot/spring-boot-starter-data-jpa/3.0.2/spring-boot-starter-data-jpa-3.0.2.jar:/Users/diegopicazo/.m2/repository/org/springframework/boot/spring-boot-starter-aop/3.0.2/spring-boot-starter-aop-3.0.2.jar:/Users/diegopicazo/.m2/repository/org/aspectj/aspectjweaver/1.9.19/aspectjweaver-1.9.19.jar:/Users/diegopicazo/.m2/repository/org/springframework/boot/spring-boot-starter-jdbc/3.0.2/spring-boot-starter-jdbc-3.0.2.jar:/Users/diegopicazo/.m2/repository/com/zaxxer/HikariCP/5.0.1/HikariCP-5.0.1.jar:/Users/diegopicazo/.m2/repository/org/springframework/spring-jdbc/6.0.4/spring-jdbc-6.0.4.jar:/Users/diegopicazo/.m2/repository/org/hibernate/orm/hibernate-core/6.1.6.Final/hibernate-core-6.1.6.Final.jar:/Users/diegopicazo/.m2/repository/jakarta/persistence/jakarta.persistence-api/3.1.0/jakarta.persistence-api-3.1.0.jar:/Users/diegopicazo/.m2/repository/jakarta/transaction/jakarta.transaction-api/2.0.1/jakarta.transaction-api-2.0.1.jar:/Users/diegopicazo/.m2/repository/org/jboss/logging/jboss-logging/3.5.0.Final/jboss-logging-3.5.0.Final.jar:/Users/diegopicazo/.m2/repository/org/hibernate/common/hibernate-commons-annotations/6.0.2.Final/hibernate-commons-annotations-6.0.2.Final.jar:/Users/diegopicazo/.m2/repository/org/jboss/jandex/2.4.2.Final/jandex-2.4.2.Final.jar:/Users/diegopicazo/.m2/repository/com/fasterxml/classmate/1.5.1/classmate-1.5.1.jar:/Users/diegopicazo/.m2/repository/org/glassfish/jaxb/jaxb-runtime/4.0.1/jaxb-runtime-4.0.1.jar:/Users/diegopicazo/.m2/repository/org/glassfish/jaxb/jaxb-core/4.0.1/jaxb-core-4.0.1.jar:/Users/diegopicazo/.m2/repository/org/eclipse/angus/angus-activation/1.0.0/angus-activation-1.0.0.jar:/Users/diegopicazo/.m2/repository/org/glassfish/jaxb/txw2/4.0.1/txw2-4.0.1.jar:/Users/diegopicazo/.m2/repository/com/sun/istack/istack-commons-runtime/4.1.1/istack-commons-runtime-4.1.1.jar:/Users/diegopicazo/.m2/repository/jakarta/inject/jakarta.inject-api/2.0.0/jakarta.inject-api-2.0.0.jar:/Users/diegopicazo/.m2/repository/org/antlr/antlr4-runtime/4.10.1/antlr4-runtime-4.10.1.jar:/Users/diegopicazo/.m2/repository/org/springframework/data/spring-data-jpa/3.0.1/spring-data-jpa-3.0.1.jar:/Users/diegopicazo/.m2/repository/org/springframework/data/spring-data-commons/3.0.1/spring-data-commons-3.0.1.jar:/Users/diegopicazo/.m2/repository/org/springframework/spring-orm/6.0.4/spring-orm-6.0.4.jar:/Users/diegopicazo/.m2/repository/org/springframework/spring-tx/6.0.4/spring-tx-6.0.4.jar:/Users/diegopicazo/.m2/repository/org/springframework/spring-aspects/6.0.4/spring-aspects-6.0.4.jar:/Users/diegopicazo/.m2/repository/com/h2database/h2/2.1.214/h2-2.1.214.jar:/Users/diegopicazo/.m2/repository/org/junit/jupiter/junit-jupiter/5.9.2/junit-jupiter-5.9.2.jar:/Users/diegopicazo/.m2/repository/org/junit/jupiter/junit-jupiter-api/5.9.2/junit-jupiter-api-5.9.2.jar:/Users/diegopicazo/.m2/repository/org/opentest4j/opentest4j/1.2.0/opentest4j-1.2.0.jar:/Users/diegopicazo/.m2/repository/org/junit/platform/junit-platform-commons/1.9.2/junit-platform-commons-1.9.2.jar:/Users/diegopicazo/.m2/repository/org/apiguardian/apiguardian-api/1.1.2/apiguardian-api-1.1.2.jar:/Users/diegopicazo/.m2/repository/org/junit/jupiter/junit-jupiter-params/5.9.2/junit-jupiter-params-5.9.2.jar:/Users/diegopicazo/.m2/repository/org/junit/jupiter/junit-jupiter-engine/5.9.2/junit-jupiter-engine-5.9.2.jar:/Users/diegopicazo/.m2/repository/org/junit/platform/junit-platform-engine/1.9.2/junit-platform-engine-1.9.2.jar:/Users/diegopicazo/.m2/repository/org/mockito/mockito-core/3.3.3/mockito-core-3.3.3.jar:/Users/diegopicazo/.m2/repository/net/bytebuddy/byte-buddy/1.12.22/byte-buddy-1.12.22.jar:/Users/diegopicazo/.m2/repository/net/bytebuddy/byte-buddy-agent/1.12.22/byte-buddy-agent-1.12.22.jar:/Users/diegopicazo/.m2/repository/org/objenesis/objenesis/2.6/objenesis-2.6.jar:/Users/diegopicazo/.m2/repository/io/github/bonigarcia/webdrivermanager/5.1.0/webdrivermanager-5.1.0.jar:/Users/diegopicazo/.m2/repository/org/slf4j/slf4j-api/2.0.6/slf4j-api-2.0.6.jar:/Users/diegopicazo/.m2/repository/com/google/code/gson/gson/2.9.1/gson-2.9.1.jar:/Users/diegopicazo/.m2/repository/com/github/docker-java/docker-java/3.2.13/docker-java-3.2.13.jar:/Users/diegopicazo/.m2/repository/com/github/docker-java/docker-java-core/3.2.13/docker-java-core-3.2.13.jar:/Users/diegopicazo/.m2/repository/com/github/docker-java/docker-java-api/3.2.13/docker-java-api-3.2.13.jar:/Users/diegopicazo/.m2/repository/org/apache/commons/commons-compress/1.21/commons-compress-1.21.jar:/Users/diegopicazo/.m2/repository/org/bouncycastle/bcpkix-jdk15on/1.64/bcpkix-jdk15on-1.64.jar:/Users/diegopicazo/.m2/repository/org/bouncycastle/bcprov-jdk15on/1.64/bcprov-jdk15on-1.64.jar:/Users/diegopicazo/.m2/repository/org/slf4j/jcl-over-slf4j/2.0.6/jcl-over-slf4j-2.0.6.jar:/Users/diegopicazo/.m2/repository/com/github/docker-java/docker-java-transport-httpclient5/3.2.13/docker-java-transport-httpclient5-3.2.13.jar:/Users/diegopicazo/.m2/repository/com/github/docker-java/docker-java-transport/3.2.13/docker-java-transport-3.2.13.jar:/Users/diegopicazo/.m2/repository/org/apache/httpcomponents/client5/httpclient5/5.1.4/httpclient5-5.1.4.jar:/Users/diegopicazo/.m2/repository/org/apache/httpcomponents/core5/httpcore5/5.1.5/httpcore5-5.1.5.jar:/Users/diegopicazo/.m2/repository/net/java/dev/jna/jna/5.8.0/jna-5.8.0.jar:/Users/diegopicazo/.m2/repository/org/brotli/dec/0.1.2/dec-0.1.2.jar:/Users/diegopicazo/.m2/repository/org/apache/commons/commons-lang3/3.12.0/commons-lang3-3.12.0.jar:/Users/diegopicazo/.m2/repository/org/seleniumhq/selenium/selenium-java/4.8.0/selenium-java-4.8.0.jar:/Users/diegopicazo/.m2/repository/org/seleniumhq/selenium/selenium-api/4.5.3/selenium-api-4.5.3.jar:/Users/diegopicazo/.m2/repository/org/seleniumhq/selenium/selenium-chrome-driver/4.5.3/selenium-chrome-driver-4.5.3.jar:/Users/diegopicazo/.m2/repository/com/google/auto/service/auto-service-annotations/1.0.1/auto-service-annotations-1.0.1.jar:/Users/diegopicazo/.m2/repository/com/google/auto/service/auto-service/1.0.1/auto-service-1.0.1.jar:/Users/diegopicazo/.m2/repository/com/google/auto/auto-common/1.2/auto-common-1.2.jar:/Users/diegopicazo/.m2/repository/com/google/guava/guava/31.1-jre/guava-31.1-jre.jar:/Users/diegopicazo/.m2/repository/com/google/guava/failureaccess/1.0.1/failureaccess-1.0.1.jar:/Users/diegopicazo/.m2/repository/com/google/guava/listenablefuture/9999.0-empty-to-avoid-conflict-with-guava/listenablefuture-9999.0-empty-to-avoid-conflict-with-guava.jar:/Users/diegopicazo/.m2/repository/com/google/code/findbugs/jsr305/3.0.2/jsr305-3.0.2.jar:/Users/diegopicazo/.m2/repository/org/checkerframework/checker-qual/3.12.0/checker-qual-3.12.0.jar:/Users/diegopicazo/.m2/repository/com/google/errorprone/error_prone_annotations/2.11.0/error_prone_annotations-2.11.0.jar:/Users/diegopicazo/.m2/repository/com/google/j2objc/j2objc-annotations/1.3/j2objc-annotations-1.3.jar:/Users/diegopicazo/.m2/repository/org/seleniumhq/selenium/selenium-chromium-driver/4.5.3/selenium-chromium-driver-4.5.3.jar:/Users/diegopicazo/.m2/repository/org/seleniumhq/selenium/selenium-json/4.5.3/selenium-json-4.5.3.jar:/Users/diegopicazo/.m2/repository/org/seleniumhq/selenium/selenium-devtools-v107/4.8.0/selenium-devtools-v107-4.8.0.jar:/Users/diegopicazo/.m2/repository/org/seleniumhq/selenium/selenium-devtools-v108/4.8.0/selenium-devtools-v108-4.8.0.jar:/Users/diegopicazo/.m2/repository/org/seleniumhq/selenium/selenium-devtools-v109/4.8.0/selenium-devtools-v109-4.8.0.jar:/Users/diegopicazo/.m2/repository/org/seleniumhq/selenium/selenium-devtools-v85/4.5.3/selenium-devtools-v85-4.5.3.jar:/Users/diegopicazo/.m2/repository/org/seleniumhq/selenium/selenium-edge-driver/4.5.3/selenium-edge-driver-4.5.3.jar:/Users/diegopicazo/.m2/repository/org/seleniumhq/selenium/selenium-firefox-driver/4.5.3/selenium-firefox-driver-4.5.3.jar:/Users/diegopicazo/.m2/repository/org/seleniumhq/selenium/selenium-ie-driver/4.5.3/selenium-ie-driver-4.5.3.jar:/Users/diegopicazo/.m2/repository/org/seleniumhq/selenium/selenium-remote-driver/4.5.3/selenium-remote-driver-4.5.3.jar:/Users/diegopicazo/.m2/repository/com/beust/jcommander/1.82/jcommander-1.82.jar:/Users/diegopicazo/.m2/repository/io/netty/netty-buffer/4.1.87.Final/netty-buffer-4.1.87.Final.jar:/Users/diegopicazo/.m2/repository/io/netty/netty-codec-http/4.1.87.Final/netty-codec-http-4.1.87.Final.jar:/Users/diegopicazo/.m2/repository/io/netty/netty-codec/4.1.87.Final/netty-codec-4.1.87.Final.jar:/Users/diegopicazo/.m2/repository/io/netty/netty-handler/4.1.87.Final/netty-handler-4.1.87.Final.jar:/Users/diegopicazo/.m2/repository/io/netty/netty-common/4.1.87.Final/netty-common-4.1.87.Final.jar:/Users/diegopicazo/.m2/repository/io/netty/netty-transport-classes-epoll/4.1.87.Final/netty-transport-classes-epoll-4.1.87.Final.jar:/Users/diegopicazo/.m2/repository/io/netty/netty-transport-classes-kqueue/4.1.87.Final/netty-transport-classes-kqueue-4.1.87.Final.jar:/Users/diegopicazo/.m2/repository/io/netty/netty-transport-native-epoll/4.1.87.Final/netty-transport-native-epoll-4.1.87.Final.jar:/Users/diegopicazo/.m2/repository/io/netty/netty-transport-native-kqueue/4.1.87.Final/netty-transport-native-kqueue-4.1.87.Final.jar:/Users/diegopicazo/.m2/repository/io/netty/netty-transport-native-unix-common/4.1.87.Final/netty-transport-native-unix-common-4.1.87.Final.jar:/Users/diegopicazo/.m2/repository/io/netty/netty-transport/4.1.87.Final/netty-transport-4.1.87.Final.jar:/Users/diegopicazo/.m2/repository/io/netty/netty-resolver/4.1.87.Final/netty-resolver-4.1.87.Final.jar:/Users/diegopicazo/.m2/repository/io/opentelemetry/opentelemetry-api/1.19.0/opentelemetry-api-1.19.0.jar:/Users/diegopicazo/.m2/repository/io/opentelemetry/opentelemetry-context/1.19.0/opentelemetry-context-1.19.0.jar:/Users/diegopicazo/.m2/repository/io/opentelemetry/opentelemetry-exporter-logging/1.19.0/opentelemetry-exporter-logging-1.19.0.jar:/Users/diegopicazo/.m2/repository/io/opentelemetry/opentelemetry-sdk-metrics/1.19.0/opentelemetry-sdk-metrics-1.19.0.jar:/Users/diegopicazo/.m2/repository/io/opentelemetry/opentelemetry-sdk-logs/1.19.0-alpha/opentelemetry-sdk-logs-1.19.0-alpha.jar:/Users/diegopicazo/.m2/repository/io/opentelemetry/opentelemetry-api-logs/1.19.0-alpha/opentelemetry-api-logs-1.19.0-alpha.jar:/Users/diegopicazo/.m2/repository/io/opentelemetry/opentelemetry-sdk-common/1.19.0/opentelemetry-sdk-common-1.19.0.jar:/Users/diegopicazo/.m2/repository/io/opentelemetry/opentelemetry-sdk-extension-autoconfigure-spi/1.19.0/opentelemetry-sdk-extension-autoconfigure-spi-1.19.0.jar:/Users/diegopicazo/.m2/repository/io/opentelemetry/opentelemetry-sdk-extension-autoconfigure/1.19.0-alpha/opentelemetry-sdk-extension-autoconfigure-1.19.0-alpha.jar:/Users/diegopicazo/.m2/repository/io/opentelemetry/opentelemetry-exporter-common/1.19.0/opentelemetry-exporter-common-1.19.0.jar:/Users/diegopicazo/.m2/repository/io/opentelemetry/opentelemetry-sdk-trace/1.19.0/opentelemetry-sdk-trace-1.19.0.jar:/Users/diegopicazo/.m2/repository/io/opentelemetry/opentelemetry-sdk/1.19.0/opentelemetry-sdk-1.19.0.jar:/Users/diegopicazo/.m2/repository/io/opentelemetry/opentelemetry-semconv/1.19.0-alpha/opentelemetry-semconv-1.19.0-alpha.jar:/Users/diegopicazo/.m2/repository/io/ous/jtoml/2.0.0/jtoml-2.0.0.jar:/Users/diegopicazo/.m2/repository/org/apache/commons/commons-exec/1.3/commons-exec-1.3.jar:/Users/diegopicazo/.m2/repository/org/asynchttpclient/async-http-client/2.12.3/async-http-client-2.12.3.jar:/Users/diegopicazo/.m2/repository/org/asynchttpclient/async-http-client-netty-utils/2.12.3/async-http-client-netty-utils-2.12.3.jar:/Users/diegopicazo/.m2/repository/io/netty/netty-codec-socks/4.1.87.Final/netty-codec-socks-4.1.87.Final.jar:/Users/diegopicazo/.m2/repository/io/netty/netty-handler-proxy/4.1.87.Final/netty-handler-proxy-4.1.87.Final.jar:/Users/diegopicazo/.m2/repository/io/netty/netty-transport-native-epoll/4.1.87.Final/netty-transport-native-epoll-4.1.87.Final-linux-x86_64.jar:/Users/diegopicazo/.m2/repository/io/netty/netty-transport-native-kqueue/4.1.87.Final/netty-transport-native-kqueue-4.1.87.Final-osx-x86_64.jar:/Users/diegopicazo/.m2/repository/org/reactivestreams/reactive-streams/1.0.4/reactive-streams-1.0.4.jar:/Users/diegopicazo/.m2/repository/com/typesafe/netty/netty-reactive-streams/2.0.4/netty-reactive-streams-2.0.4.jar:/Users/diegopicazo/.m2/repository/com/sun/activation/jakarta.activation/1.2.2/jakarta.activation-1.2.2.jar:/Users/diegopicazo/.m2/repository/org/seleniumhq/selenium/selenium-http/4.5.3/selenium-http-4.5.3.jar:/Users/diegopicazo/.m2/repository/dev/failsafe/failsafe/3.3.0/failsafe-3.3.0.jar:/Users/diegopicazo/.m2/repository/org/seleniumhq/selenium/selenium-safari-driver/4.5.3/selenium-safari-driver-4.5.3.jar:/Users/diegopicazo/.m2/repository/org/seleniumhq/selenium/selenium-support/4.5.3/selenium-support-4.5.3.jar:/Users/diegopicazo/.m2/repository/org/assertj/assertj-core/3.8.0/assertj-core-3.8.0.jar:/Users/diegopicazo/.m2/repository/io/rest-assured/rest-assured/5.3.0/rest-assured-5.3.0.jar:/Users/diegopicazo/.m2/repository/org/apache/groovy/groovy/4.0.7/groovy-4.0.7.jar:/Users/diegopicazo/.m2/repository/org/apache/groovy/groovy-xml/4.0.7/groovy-xml-4.0.7.jar:/Users/diegopicazo/.m2/repository/org/apache/httpcomponents/httpclient/4.5.14/httpclient-4.5.14.jar:/Users/diegopicazo/.m2/repository/org/apache/httpcomponents/httpcore/4.4.16/httpcore-4.4.16.jar:/Users/diegopicazo/.m2/repository/commons-codec/commons-codec/1.15/commons-codec-1.15.jar:/Users/diegopicazo/.m2/repository/org/apache/httpcomponents/httpmime/4.5.14/httpmime-4.5.14.jar:/Users/diegopicazo/.m2/repository/org/ccil/cowan/tagsoup/tagsoup/1.2.1/tagsoup-1.2.1.jar:/Users/diegopicazo/.m2/repository/io/rest-assured/json-path/5.2.1/json-path-5.2.1.jar:/Users/diegopicazo/.m2/repository/org/apache/groovy/groovy-json/4.0.7/groovy-json-4.0.7.jar:/Users/diegopicazo/.m2/repository/io/rest-assured/rest-assured-common/5.2.1/rest-assured-common-5.2.1.jar:/Users/diegopicazo/.m2/repository/io/rest-assured/xml-path/5.2.1/xml-path-5.2.1.jar:/Users/diegopicazo/.m2/repository/org/hamcrest/hamcrest-all/1.3/hamcrest-all-1.3.jar:/Users/diegopicazo/.m2/repository/org/apache/maven/plugins/maven-checkstyle-plugin/3.2.1/maven-checkstyle-plugin-3.2.1.jar:/Users/diegopicazo/.m2/repository/org/apache/maven/reporting/maven-reporting-api/3.1.1/maven-reporting-api-3.1.1.jar:/Users/diegopicazo/.m2/repository/org/apache/maven/reporting/maven-reporting-impl/3.2.0/maven-reporting-impl-3.2.0.jar:/Users/diegopicazo/.m2/repository/org/apache/maven/maven-core/3.1.0/maven-core-3.1.0.jar:/Users/diegopicazo/.m2/repository/org/apache/maven/maven-settings/3.1.0/maven-settings-3.1.0.jar:/Users/diegopicazo/.m2/repository/org/apache/maven/maven-settings-builder/3.1.0/maven-settings-builder-3.1.0.jar:/Users/diegopicazo/.m2/repository/org/apache/maven/maven-repository-metadata/3.1.0/maven-repository-metadata-3.1.0.jar:/Users/diegopicazo/.m2/repository/org/apache/maven/maven-model-builder/3.1.0/maven-model-builder-3.1.0.jar:/Users/diegopicazo/.m2/repository/org/apache/maven/maven-aether-provider/3.1.0/maven-aether-provider-3.1.0.jar:/Users/diegopicazo/.m2/repository/org/eclipse/aether/aether-spi/0.9.0.M2/aether-spi-0.9.0.M2.jar:/Users/diegopicazo/.m2/repository/org/eclipse/aether/aether-impl/0.9.0.M2/aether-impl-0.9.0.M2.jar:/Users/diegopicazo/.m2/repository/org/eclipse/aether/aether-api/0.9.0.M2/aether-api-0.9.0.M2.jar:/Users/diegopicazo/.m2/repository/org/eclipse/aether/aether-util/0.9.0.M2/aether-util-0.9.0.M2.jar:/Users/diegopicazo/.m2/repository/org/eclipse/sisu/org.eclipse.sisu.plexus/0.0.0.M2a/org.eclipse.sisu.plexus-0.0.0.M2a.jar:/Users/diegopicazo/.m2/repository/javax/enterprise/cdi-api/1.0/cdi-api-1.0.jar:/Users/diegopicazo/.m2/repository/javax/annotation/jsr250-api/1.0/jsr250-api-1.0.jar:/Users/diegopicazo/.m2/repository/javax/inject/javax.inject/1/javax.inject-1.jar:/Users/diegopicazo/.m2/repository/org/sonatype/sisu/sisu-guice/3.1.0/sisu-guice-3.1.0-no_aop.jar:/Users/diegopicazo/.m2/repository/aopalliance/aopalliance/1.0/aopalliance-1.0.jar:/Users/diegopicazo/.m2/repository/org/eclipse/sisu/org.eclipse.sisu.inject/0.0.0.M2a/org.eclipse.sisu.inject-0.0.0.M2a.jar:/Users/diegopicazo/.m2/repository/asm/asm/3.3.1/asm-3.3.1.jar:/Users/diegopicazo/.m2/repository/org/codehaus/plexus/plexus-classworlds/2.4.2/plexus-classworlds-2.4.2.jar:/Users/diegopicazo/.m2/repository/org/sonatype/plexus/plexus-sec-dispatcher/1.3/plexus-sec-dispatcher-1.3.jar:/Users/diegopicazo/.m2/repository/org/sonatype/plexus/plexus-cipher/1.4/plexus-cipher-1.4.jar:/Users/diegopicazo/.m2/repository/org/apache/maven/maven-artifact/3.1.0/maven-artifact-3.1.0.jar:/Users/diegopicazo/.m2/repository/org/apache/maven/maven-plugin-api/3.1.0/maven-plugin-api-3.1.0.jar:/Users/diegopicazo/.m2/repository/org/apache/maven/shared/maven-shared-utils/3.3.4/maven-shared-utils-3.3.4.jar:/Users/diegopicazo/.m2/repository/org/apache/maven/doxia/doxia-decoration-model/1.11.1/doxia-decoration-model-1.11.1.jar:/Users/diegopicazo/.m2/repository/org/apache/maven/doxia/doxia-site-renderer/1.11.1/doxia-site-renderer-1.11.1.jar:/Users/diegopicazo/.m2/repository/org/apache/maven/doxia/doxia-skin-model/1.11.1/doxia-skin-model-1.11.1.jar:/Users/diegopicazo/.m2/repository/org/apache/maven/doxia/doxia-module-xhtml/1.11.1/doxia-module-xhtml-1.11.1.jar:/Users/diegopicazo/.m2/repository/org/apache/maven/doxia/doxia-module-xhtml5/1.11.1/doxia-module-xhtml5-1.11.1.jar:/Users/diegopicazo/.m2/repository/org/apache/velocity/velocity-tools/2.0/velocity-tools-2.0.jar:/Users/diegopicazo/.m2/repository/commons-digester/commons-digester/1.8/commons-digester-1.8.jar:/Users/diegopicazo/.m2/repository/commons-chain/commons-chain/1.1/commons-chain-1.1.jar:/Users/diegopicazo/.m2/repository/dom4j/dom4j/1.1/dom4j-1.1.jar:/Users/diegopicazo/.m2/repository/oro/oro/2.0.8/oro-2.0.8.jar:/Users/diegopicazo/.m2/repository/org/apache/maven/doxia/doxia-sink-api/1.11.1/doxia-sink-api-1.11.1.jar:/Users/diegopicazo/.m2/repository/org/apache/maven/doxia/doxia-logging-api/1.11.1/doxia-logging-api-1.11.1.jar:/Users/diegopicazo/.m2/repository/org/apache/maven/doxia/doxia-core/1.11.1/doxia-core-1.11.1.jar:/Users/diegopicazo/.m2/repository/org/codehaus/plexus/plexus-container-default/2.1.0/plexus-container-default-2.1.0.jar:/Users/diegopicazo/.m2/repository/org/apache/xbean/xbean-reflect/3.7/xbean-reflect-3.7.jar:/Users/diegopicazo/.m2/repository/com/google/collections/google-collections/1.0/google-collections-1.0.jar:/Users/diegopicazo/.m2/repository/org/apache/commons/commons-text/1.3/commons-text-1.3.jar:/Users/diegopicazo/.m2/repository/org/apache/maven/doxia/doxia-integration-tools/1.11.1/doxia-integration-tools-1.11.1.jar:/Users/diegopicazo/.m2/repository/commons-io/commons-io/2.6/commons-io-2.6.jar:/Users/diegopicazo/.m2/repository/org/apache/maven/maven-model/2.2.1/maven-model-2.2.1.jar:/Users/diegopicazo/.m2/repository/org/codehaus/plexus/plexus-i18n/1.0-beta-10/plexus-i18n-1.0-beta-10.jar:/Users/diegopicazo/.m2/repository/org/codehaus/plexus/plexus-interpolation/1.26/plexus-interpolation-1.26.jar:/Users/diegopicazo/.m2/repository/org/codehaus/plexus/plexus-component-annotations/2.1.1/plexus-component-annotations-2.1.1.jar:/Users/diegopicazo/.m2/repository/org/codehaus/plexus/plexus-resources/1.1.0/plexus-resources-1.1.0.jar:/Users/diegopicazo/.m2/repository/org/codehaus/plexus/plexus-utils/3.4.2/plexus-utils-3.4.2.jar:/Users/diegopicazo/.m2/repository/org/codehaus/plexus/plexus-velocity/1.2/plexus-velocity-1.2.jar:/Users/diegopicazo/.m2/repository/commons-collections/commons-collections/3.1/commons-collections-3.1.jar:/Users/diegopicazo/.m2/repository/com/puppycrawl/tools/checkstyle/9.3/checkstyle-9.3.jar:/Users/diegopicazo/.m2/repository/info/picocli/picocli/4.6.2/picocli-4.6.2.jar:/Users/diegopicazo/.m2/repository/commons-beanutils/commons-beanutils/1.9.4/commons-beanutils-1.9.4.jar:/Users/diegopicazo/.m2/repository/commons-logging/commons-logging/1.2/commons-logging-1.2.jar:/Users/diegopicazo/.m2/repository/org/reflections/reflections/0.10.2/reflections-0.10.2.jar:/Users/diegopicazo/.m2/repository/org/javassist/javassist/3.28.0-GA/javassist-3.28.0-GA.jar:/Users/diegopicazo/.m2/repository/net/sf/saxon/Saxon-HE/10.6/Saxon-HE-10.6.jar:/Users/diegopicazo/.m2/repository/org/apache/velocity/velocity/1.7/velocity-1.7.jar:/Users/diegopicazo/.m2/repository/commons-lang/commons-lang/2.4/commons-lang-2.4.jar:/Users/diegopicazo/.m2/repository/javax/xml/bind/jaxb-api/2.3.1/jaxb-api-2.3.1.jar:/Users/diegopicazo/.m2/repository/javax/activation/javax.activation-api/1.2.0/javax.activation-api-1.2.0.jar:/Users/diegopicazo/.m2/repository/org/jetbrains/annotations/24.0.1/annotations-24.0.1.jar:"/>
    <property name="sun.cpu.endian" value="little"/>
    <property name="user.home" value="/Users/diegopicazo"/>
    <property name="user.language" value="es"/>
    <property name="java.specification.vendor" value="Oracle Corporation"/>
    <property name="java.version.date" value="2023-01-17"/>
    <property name="java.home" value="/Library/Java/JavaVirtualMachines/jdk-17.jdk/Contents/Home"/>
    <property name="file.separator" value="/"/>
    <property name="basedir" value="/Users/diegopicazo/Library/CloudStorage/OneDrive-UniversidadReyJuanCarlos/3ºETSII/SegundoCuatrimestre/AmplicaciónIngenieriaSoftware/AIS-Practica-2-2023"/>
    <property name="java.vm.compressedOopsMode" value="Zero based"/>
    <property name="line.separator" value="&#10;"/>
    <property name="java.vm.specification.vendor" value="Oracle Corporation"/>
    <property name="java.specification.name" value="Java Platform API Specification"/>
    <property name="surefire.real.class.path" value="/Users/diegopicazo/Library/CloudStorage/OneDrive-UniversidadReyJuanCarlos/3ºETSII/SegundoCuatrimestre/AmplicaciónIngenieriaSoftware/AIS-Practica-2-2023/target/surefire/surefirebooter15669814934882178187.jar"/>
    <property name="sun.management.compiler" value="HotSpot 64-Bit Tiered Compilers"/>
    <property name="java.runtime.version" value="17.0.6+9-LTS-190"/>
    <property name="user.name" value="diegopicazo"/>
    <property name="path.separator" value=":"/>
    <property name="os.version" value="13.2.1"/>
    <property name="java.runtime.name" value="Java(TM) SE Runtime Environment"/>
    <property name="file.encoding" value="UTF-8"/>
    <property name="java.vm.name" value="Java HotSpot(TM) 64-Bit Server VM"/>
    <property name="localRepository" value="/Users/diegopicazo/.m2/repository"/>
    <property name="java.vendor.url.bug" value="https://bugreport.java.com/bugreport/"/>
    <property name="java.io.tmpdir" value="/var/folders/wp/dhl2zwfx513cv134zr__1zvc0000gn/T/"/>
    <property name="java.version" value="17.0.6"/>
    <property name="user.dir" value="/Users/diegopicazo/Library/CloudStorage/OneDrive-UniversidadReyJuanCarlos/3ºETSII/SegundoCuatrimestre/AmplicaciónIngenieriaSoftware/AIS-Practica-2-2023"/>
    <property name="os.arch" value="aarch64"/>
    <property name="java.vm.specification.name" value="Java Virtual Machine Specification"/>
    <property name="native.encoding" value="UTF-8"/>
    <property name="java.library.path" value="/Users/diegopicazo/Library/Java/Extensions:/Library/Java/Extensions:/Network/Library/Java/Extensions:/System/Library/Java/Extensions:/usr/lib/java:."/>
    <property name="java.vm.info" value="mixed mode, sharing"/>
    <property name="java.vendor" value="Oracle Corporation"/>
    <property name="java.vm.version" value="17.0.6+9-LTS-190"/>
    <property name="sun.io.unicode.encoding" value="UnicodeBig"/>
    <property name="java.class.version" value="61.0"/>
  </properties>
  <testcase name="test10" classname="es.codeurjc.ais.IntermediateCaseTest" time="0.01"/>
  <testcase name="test11" classname="es.codeurjc.ais.IntermediateCaseTest" time="0"/>
  <testcase name="test12" classname="es.codeurjc.ais.IntermediateCaseTest" time="0.001"/>
  <testcase name="test13" classname="es.codeurjc.ais.IntermediateCaseTest" time="0"/>
  <testcase name="test14" classname="es.codeurjc.ais.IntermediateCaseTest" time="0"/>
  <testcase name="test15" classname="es.codeurjc.ais.IntermediateCaseTest" time="0.001"/>
  <testcase name="test16" classname="es.codeurjc.ais.IntermediateCaseTest" time="0"/>
  <testcase name="test17" classname="es.codeurjc.ais.IntermediateCaseTest" time="0.001"/>
  <testcase name="test8" classname="es.codeurjc.ais.IntermediateCaseTest" time="0"/>
  <testcase name="test9" classname="es.codeurjc.ais.IntermediateCaseTest" time="0"/>
</testsuite>